[INFO] Steering file: v0profile.py
Profiling requested, restarting using callgrind
==4006090== Callgrind, a call-graph generating cache profiler
==4006090== Copyright (C) 2002-2017, and GNU GPL'd, by Josef Weidendorfer et al.
==4006090== Using Valgrind-3.17.0 and LibVEX; rerun with -h for copyright info
==4006090== Command: basf2 --profile V0Finder v0profile.py
==4006090== 
==4006090== For interactive control, run 'callgrind_control -h'.
--4006090-- WARNING: unhandled amd64-linux syscall: 334
--4006090-- You may be able to write your own handler.
--4006090-- Read the file README_MISSING_SYSCALL_OR_IOCTL.
--4006090-- Nevertheless we consider this a bug.  Please report
--4006090-- it at http://valgrind.org/support/bug_reports.html.
--4006090-- WARNING: unhandled amd64-linux syscall: 435
--4006090-- You may be able to write your own handler.
--4006090-- Read the file README_MISSING_SYSCALL_OR_IOCTL.
--4006090-- Nevertheless we consider this a bug.  Please report
--4006090-- it at http://valgrind.org/support/bug_reports.html.
--4006090-- WARNING: unhandled amd64-linux syscall: 435
--4006090-- You may be able to write your own handler.
--4006090-- Read the file README_MISSING_SYSCALL_OR_IOCTL.
--4006090-- Nevertheless we consider this a bug.  Please report
--4006090-- it at http://valgrind.org/support/bug_reports.html.
--4006090-- WARNING: unhandled amd64-linux syscall: 435
--4006090-- You may be able to write your own handler.
--4006090-- Read the file README_MISSING_SYSCALL_OR_IOCTL.
--4006090-- Nevertheless we consider this a bug.  Please report
--4006090-- it at http://valgrind.org/support/bug_reports.html.
--4006090-- WARNING: unhandled amd64-linux syscall: 435
--4006090-- You may be able to write your own handler.
--4006090-- Read the file README_MISSING_SYSCALL_OR_IOCTL.
--4006090-- Nevertheless we consider this a bug.  Please report
--4006090-- it at http://valgrind.org/support/bug_reports.html.
--4006090-- WARNING: unhandled amd64-linux syscall: 435
--4006090-- You may be able to write your own handler.
--4006090-- Read the file README_MISSING_SYSCALL_OR_IOCTL.
--4006090-- Nevertheless we consider this a bug.  Please report
--4006090-- it at http://valgrind.org/support/bug_reports.html.
--4006090-- WARNING: unhandled amd64-linux syscall: 435
--4006090-- You may be able to write your own handler.
--4006090-- Read the file README_MISSING_SYSCALL_OR_IOCTL.
--4006090-- Nevertheless we consider this a bug.  Please report
--4006090-- it at http://valgrind.org/support/bug_reports.html.
==4006090== brk segment overflow in thread #1: can't grow to 0x4851000
==4006090== (see section Limitations in user manual)
==4006090== NOTE: further instances of this message will not be shown
--4006090-- WARNING: unhandled amd64-linux syscall: 435
--4006090-- You may be able to write your own handler.
--4006090-- Read the file README_MISSING_SYSCALL_OR_IOCTL.
--4006090-- Nevertheless we consider this a bug.  Please report
--4006090-- it at http://valgrind.org/support/bug_reports.html.
[INFO] Steering file: v0profile.py
--4006090-- WARNING: unhandled amd64-linux syscall: 435
--4006090-- You may be able to write your own handler.
--4006090-- Read the file README_MISSING_SYSCALL_OR_IOCTL.
--4006090-- Nevertheless we consider this a bug.  Please report
--4006090-- it at http://valgrind.org/support/bug_reports.html.
[INFO] The random number seed is set to "1337"

[1mRooFit v3.60 -- Developed by Wouter Verkerke and David Kirkby[0m 
                Copyright (C) 2000-2013 NIKHEF, University of California & Stanford University
                All rights reserved, please read http://roofit.sourceforge.net/license.txt

[INFO] Starting event processing, random seed is set to '1337'
[INFO] Added file /project/agkuhr/users/pobi/b2/KShortGenSimNoBkg.root
--4006090-- WARNING: unhandled amd64-linux syscall: 435
--4006090-- You may be able to write your own handler.
--4006090-- Read the file README_MISSING_SYSCALL_OR_IOCTL.
--4006090-- Nevertheless we consider this a bug.  Please report
--4006090-- it at http://valgrind.org/support/bug_reports.html.
[INFO] Conditions Database: found working metadata provider
	provider = http://belle2db.sdcc.bnl.gov/b2s/rest/
[INFO] Conditions data: configured globaltag is release-09-00-00

**************************************************************
 Geant4 version Name: geant4-11-02-patch-01    (16-February-2024)
                       Copyright : Geant4 Collaboration
                      References : NIM A 506 (2003), 250-303
                                 : IEEE-TNS 53 (2006), 270-278
                                 : NIM A 835 (2016), 186-225
                             WWW : http://geant4.org/
**************************************************************

[INFO] SVD  6-sample DAQ, cluster time algorithm: CoG3, cluster charge algorithm: MaxSample, cluster position algorithm: CoGOnly
[INFO]  with strip charge reconstructed with MaxSample and strip time reconstructed with dontdo
[INFO] SVD  3-sample DAQ, cluster time algorithm: CoG3, cluster charge algorithm: MaxSample, cluster position algorithm: CoGOnly
[INFO]  with strip charge reconstructed with MaxSample and strip time reconstructed with dontdo
[INFO] SVDTimeGrouping : SVDCluster groupId is assigned for 6-sample DAQ mode.
[INFO] SVDTimeGrouping : SVDCluster groupId is not assigned for 3-sample DAQ mode.
[INFO] SVDSpacePointCreator : SVDCluster groupId is used for 6-sample DAQ mode.
[INFO] SVDSpacePointCreator : SVDCluster groupId is not used for 3-sample DAQ mode.
[INFO] Begin of new run.
[WARNING] Could not extrapolate the fit result for pdg 321 to the perigee point. Why, I don't know.  { module: TrackCreator_flipped }
[INFO] Processed:   1 runs,      1/  1500 events.
[WARNING] Could not extrapolate the fit result for pdg 2212 to the perigee point. Why, I don't know.  { module: TrackCreator_flipped }
 ... message repeated 1 times
[WARNING] Could not extrapolate the fit result for pdg 211 to the perigee point. Why, I don't know.  { module: TrackCreator_flipped }
[WARNING] Could not extrapolate the fit result for pdg 2212 to the perigee point. Why, I don't know.  { module: TrackCreator_flipped }
[INFO] Processed:   1 runs,      2/  1500 events.
[INFO] Processed:   1 runs,      3/  1500 events.
[INFO] Processed:   1 runs,      4/  1500 events.
[WARNING] Could not extrapolate the fit result for pdg 2212 to the perigee point. Why, I don't know.  { module: TrackCreator_flipped }
[INFO] Processed:   1 runs,      5/  1500 events.
[INFO] Processed:   1 runs,      6/  1500 events.
[INFO] Processed:   1 runs,      7/  1500 events.
[WARNING] Could not extrapolate the fit result for pdg 2212 to the perigee point. Why, I don't know.  { module: TrackCreator_flipped }
[INFO] Processed:   1 runs,      8/  1500 events.
[INFO] Processed:   1 runs,      9/  1500 events.
[WARNING] Could not extrapolate the fit result for pdg 321 to the perigee point. Why, I don't know.  { module: TrackCreator_flipped }
 ... message repeated 1 times
[WARNING] Could not extrapolate the fit result for pdg 2212 to the perigee point. Why, I don't know.  { module: TrackCreator_flipped }
[INFO] Processed:   1 runs,     10/  1500 events.
[WARNING] Could not extrapolate the fit result for pdg 321 to the perigee point. Why, I don't know.  { module: TrackCreator_flipped }
[WARNING] Could not extrapolate the fit result for pdg 2212 to the perigee point. Why, I don't know.  { module: TrackCreator_flipped }
 ... message repeated 3 times
[INFO] Processed:   1 runs,     20/  1500 events.
[WARNING] 250 tracks had not enough hits to have at least 5 number of degrees of freedom (NDF). No Track Candidates were created from them so they will not be passed to the track fitter  { module: TrackFinderMCTruthRecoTracks }
[INFO] The MCTrackFinder created a total of 208 track candidates
[INFO] ===KinkFinder summary===========================================================
[INFO] In total 12 kinks saved. Among them
[INFO] track pairs with close endpoints: 1;
[INFO] track pairs with missing layers between their endpoints (Helix extrapolation selection): 2;
[INFO] split track chosen from mother candidates: 2;
[INFO] split track chosen from daughter candidates: 2;
[INFO] split track chosen from tracks not passing mother/daughter preselection 5.
[INFO] ===V0Finder summary=============================================================
[INFO] In total 51 of 123 saved V0s have inner hits.
[INFO] - Inner hits successfully removed in 34 V0s.
[INFO] - The hit removal failed in 17 V0s, instead V0s before removing inner hits saved.
[INFO] ===Error Summary================================================================
[WARNING] Could not extrapolate the fit result for pdg 2212 to the perigee point. Why, I don't know.  { module: TrackCreator_flipped }
    (last message occurred 10 times)
[WARNING] Could not extrapolate the fit result for pdg 321 to the perigee point. Why, I don't know.  { module: TrackCreator_flipped }
    (last message occurred 4 times)
[WARNING] 250 tracks had not enough hits to have at least 5 number of degrees of freedom (NDF). No Track Candidates were created from them so they will not be passed to the track fitter  { module: TrackFinderMCTruthRecoTracks }
[WARNING] Could not extrapolate the fit result for pdg 211 to the perigee point. Why, I don't know.  { module: TrackCreator_flipped }
[INFO] ================================================================================
[WARNING] in total, 16 warnings occurred during processing
===============================================================================================
Name                                |      Calls | Memory(MB) |    Time(s) |     Time(ms)/Call
===============================================================================================
RootInput                           |         21 |         14 |       2.53 |  120.69 +-  42.36
Gearbox                             |         20 |          0 |       0.00 |    0.08 +-   0.02
Geometry                            |         20 |          0 |       0.00 |    0.06 +-   0.00
SetupGenfitExtrapolation            |         20 |          0 |       0.00 |    0.04 +-   0.00
RegisterEventLevelTrackingInfo      |         20 |          0 |       0.01 |    0.39 +-   1.10
SVDClusterizer                      |         20 |         10 |       5.83 |  291.72 +- 112.83
SVDMissingAPVsClusterCreator        |         20 |          0 |       0.01 |    0.52 +-   0.05
SVDTrackingEventLevelMdstInfoFiller |         20 |          0 |       0.03 |    1.56 +-   0.15
SVDTimeGrouping                     |         20 |         51 |       4.86 |  243.15 +- 515.70
SVDSpacePointCreator                |         20 |          0 |       0.57 |   28.62 +-   4.68
PXDClusterizer                      |         20 |          0 |       1.04 |   51.86 +-   5.59
PXDTrackingEventLevelMdstInfoFiller |         20 |          0 |       0.02 |    0.99 +-   0.08
PXDSpacePointCreator                |         20 |          0 |       0.04 |    1.97 +-   0.25
TFCDC_WireHitPreparer               |         20 |          0 |       2.69 |  134.69 +-  20.46
TFCDC_ClusterPreparer               |         20 |          0 |      20.01 | 1000.55 +- 401.89
TFCDC_SegmentFinderFacetAutomaton   |         20 |         49 |     433.75 | 21687.61 +-9670.49
TFCDC_AxialTrackFinderLegendre      |         20 |         31 |     164.11 | 8205.50 +-5047.07
TFCDC_TrackQualityAsserter          |         20 |          0 |       1.37 |   68.26 +-  22.65
TFCDC_StereoHitFinder               |         20 |          5 |      32.67 | 1633.36 +- 753.68
TFCDC_SegmentTrackCombiner          |         20 |          9 |      25.42 | 1270.76 +- 524.72
TFCDC_TrackQualityAsserter          |         20 |          0 |       1.75 |   87.62 +-  22.23
TFCDC_TrackQualityEstimator         |         20 |          0 |       0.33 |   16.70 +-   5.26
TFCDC_TrackExporter                 |         20 |          0 |       1.72 |   85.86 +-  22.93
IPTrackTimeEstimator                |         20 |          0 |       0.04 |    2.18 +-   1.06
CDCHitBasedT0Extraction             |         20 |          4 |       2.30 |  114.90 +- 111.44
CDCTrackingEventLevelMdstInfoFiller |         20 |          0 |       0.06 |    2.98 +-   0.74
CDCToSVDSpacePointCKF_backward      |         20 |         19 |      56.63 | 2831.57 +-2229.80
CDCToSVDSpacePointCKF_forward       |         20 |          0 |       2.72 |  136.13 +- 329.51
SectorMapBootstrap                  |         20 |          0 |       0.00 |    0.07 +-   0.00
SegmentNetworkProducer              |         20 |          0 |       1.88 |   94.15 +-  20.74
TrackFinderVXDCellOMat              |         20 |          1 |       0.95 |   47.63 +-   6.21
AddVXDTrackCandidateSubSets         |         20 |          7 |       0.08 |    3.96 +-   0.90
QualityEstimatorVXD                 |         20 |          0 |       0.06 |    3.03 +-   2.76
BestVXDTrackCandidatesSelector      |         20 |          0 |       0.00 |    0.20 +-   0.01
SPTCvirtualIPRemover                |         20 |          0 |       0.01 |    0.56 +-   0.06
SVDOverlapResolver                  |         20 |          0 |       0.63 |   31.43 +-  15.09
SPTCmomentumSeedRetriever           |         20 |          4 |       7.15 |  357.33 +-  27.46
SPTC2RTConverter                    |         20 |          0 |       0.14 |    7.20 +-   2.73
DAFRecoFitter                       |         20 |          0 |       1.30 |   64.75 +- 163.36
CDCToSVDSeedCKF_backward            |         20 |          0 |       1.86 |   92.95 +- 170.65
DAFRecoFitter                       |         20 |          0 |       1.22 |   61.05 +- 162.19
CDCToSVDSeedCKF_forward             |         20 |          0 |       1.71 |   85.69 +- 169.97
RelatedTracksCombiner               |         20 |          2 |       4.93 |  246.48 +- 204.89
ToCDCCKF                            |         20 |          0 |      57.06 | 2853.15 +-1701.43
CDCCKFTracksCombiner                |         20 |          0 |       1.79 |   89.72 +-  35.16
PruneRecoTracks                     |         20 |          0 |       0.24 |   11.90 +-   1.54
PruneRecoTracks                     |         20 |          0 |       0.01 |    0.41 +-   0.19
DAFRecoFitter                       |         20 |          1 |      45.60 | 2280.07 +-1059.74
ToPXDCKF_backward                   |         20 |          9 |       4.31 |  215.31 +-  52.44
DAFRecoFitter                       |         20 |          0 |       0.27 |   13.61 +-  48.17
ToPXDCKF_forward                    |         20 |          0 |       0.34 |   16.92 +-  46.80
RelatedTracksCombiner               |         20 |          0 |       1.96 |   98.23 +-  54.68
PruneRecoTracks                     |         20 |          0 |       0.13 |    6.63 +-   3.39
PruneRecoTracks                     |         20 |          0 |       0.03 |    1.28 +-   0.63
PruneRecoTracks                     |         20 |          0 |       0.17 |    8.36 +-   3.56
PruneRecoTracks                     |         20 |          0 |       0.01 |    0.33 +-   0.13
SVDEventT0Estimator                 |         20 |          0 |       0.21 |   10.70 +-   3.41
FullGridChi2TrackTimeExtractor      |         20 |          0 |       0.15 |    7.33 +-   1.39
IPTrackTimeEstimator                |         20 |          0 |       0.00 |    0.19 +-   0.06
Combined_DAFRecoFitter              |         20 |          0 |      41.82 | 2090.93 +- 885.07
TrackCreator                        |         20 |          3 |      83.19 | 4159.38 +-1672.20
FlipQuality_1stMVA                  |         20 |          0 |       0.45 |   22.37 +-   5.04
RecoTracksReverter                  |         20 |          0 |       0.60 |   29.80 +-  23.59
Combined_DAFRecoFitter_flipped      |         20 |          2 |      17.47 |  873.66 +- 784.79
IPTrackTimeEstimator                |         20 |          0 |       0.03 |    1.57 +-   1.31
TrackCreator_flipped                |         20 |          1 |      44.85 | 2242.73 +-2023.07
FlipQuality_2ndMVA                  |         20 |          1 |       0.15 |    7.43 +-   3.73
FlippedRecoTracksMerger             |         20 |          0 |       0.24 |   11.90 +-  30.23
V0Finder                            |         20 |        547 |     540.89 | 27044.71 +-26366.75
KinkFinder                          |         20 |         35 |      63.59 | 3179.74 +-3542.68
TrackTimeEstimator                  |         20 |          1 |       0.13 |    6.46 +-   1.81
TrackFinderMCTruthRecoTracks        |         20 |          4 |       6.40 |  319.81 +-  70.72
MCRecoTracksMatcher                 |         20 |         21 |       5.14 |  256.79 +-  56.23
TrackToMCParticleRelator            |         20 |          0 |       0.03 |    1.68 +-   0.35
PruneRecoHits                       |         20 |          1 |      17.07 |  853.47 +- 263.44
Progress                            |         20 |          0 |       0.24 |   11.90 +-  10.03
===============================================================================================
Total                               |         21 |        819 |    1719.73 | 81892.05 +-40819.69
===============================================================================================

==4006090== 
==4006090== Events    : Ir
==4006090== Collected : 38136800115
==4006090== 
==4006090== I   refs:      38,136,800,115
