[INFO] Steering file: v0profile.py
Profiling requested, restarting using callgrind
==4003410== Callgrind, a call-graph generating cache profiler
==4003410== Copyright (C) 2002-2017, and GNU GPL'd, by Josef Weidendorfer et al.
==4003410== Using Valgrind-3.17.0 and LibVEX; rerun with -h for copyright info
==4003410== Command: basf2 --profile V0Finder v0profile.py
==4003410== 
==4003410== For interactive control, run 'callgrind_control -h'.
--4003410-- WARNING: unhandled amd64-linux syscall: 334
--4003410-- You may be able to write your own handler.
--4003410-- Read the file README_MISSING_SYSCALL_OR_IOCTL.
--4003410-- Nevertheless we consider this a bug.  Please report
--4003410-- it at http://valgrind.org/support/bug_reports.html.
--4003410-- WARNING: unhandled amd64-linux syscall: 435
--4003410-- You may be able to write your own handler.
--4003410-- Read the file README_MISSING_SYSCALL_OR_IOCTL.
--4003410-- Nevertheless we consider this a bug.  Please report
--4003410-- it at http://valgrind.org/support/bug_reports.html.
--4003410-- WARNING: unhandled amd64-linux syscall: 435
--4003410-- You may be able to write your own handler.
--4003410-- Read the file README_MISSING_SYSCALL_OR_IOCTL.
--4003410-- Nevertheless we consider this a bug.  Please report
--4003410-- it at http://valgrind.org/support/bug_reports.html.
--4003410-- WARNING: unhandled amd64-linux syscall: 435
--4003410-- You may be able to write your own handler.
--4003410-- Read the file README_MISSING_SYSCALL_OR_IOCTL.
--4003410-- Nevertheless we consider this a bug.  Please report
--4003410-- it at http://valgrind.org/support/bug_reports.html.
--4003410-- WARNING: unhandled amd64-linux syscall: 435
--4003410-- You may be able to write your own handler.
--4003410-- Read the file README_MISSING_SYSCALL_OR_IOCTL.
--4003410-- Nevertheless we consider this a bug.  Please report
--4003410-- it at http://valgrind.org/support/bug_reports.html.
--4003410-- WARNING: unhandled amd64-linux syscall: 435
--4003410-- You may be able to write your own handler.
--4003410-- Read the file README_MISSING_SYSCALL_OR_IOCTL.
--4003410-- Nevertheless we consider this a bug.  Please report
--4003410-- it at http://valgrind.org/support/bug_reports.html.
--4003410-- WARNING: unhandled amd64-linux syscall: 435
--4003410-- You may be able to write your own handler.
--4003410-- Read the file README_MISSING_SYSCALL_OR_IOCTL.
--4003410-- Nevertheless we consider this a bug.  Please report
--4003410-- it at http://valgrind.org/support/bug_reports.html.
==4003410== brk segment overflow in thread #1: can't grow to 0x4851000
==4003410== (see section Limitations in user manual)
==4003410== NOTE: further instances of this message will not be shown
--4003410-- WARNING: unhandled amd64-linux syscall: 435
--4003410-- You may be able to write your own handler.
--4003410-- Read the file README_MISSING_SYSCALL_OR_IOCTL.
--4003410-- Nevertheless we consider this a bug.  Please report
--4003410-- it at http://valgrind.org/support/bug_reports.html.
[INFO] Steering file: v0profile.py
--4003410-- WARNING: unhandled amd64-linux syscall: 435
--4003410-- You may be able to write your own handler.
--4003410-- Read the file README_MISSING_SYSCALL_OR_IOCTL.
--4003410-- Nevertheless we consider this a bug.  Please report
--4003410-- it at http://valgrind.org/support/bug_reports.html.
[INFO] The random number seed is set to "1337"

[1mRooFit v3.60 -- Developed by Wouter Verkerke and David Kirkby[0m 
                Copyright (C) 2000-2013 NIKHEF, University of California & Stanford University
                All rights reserved, please read http://roofit.sourceforge.net/license.txt

[INFO] Starting event processing, random seed is set to '1337'
[INFO] Added file /project/agkuhr/users/pobi/b2/KShortGenSimNoBkg.root
--4003410-- WARNING: unhandled amd64-linux syscall: 435
--4003410-- You may be able to write your own handler.
--4003410-- Read the file README_MISSING_SYSCALL_OR_IOCTL.
--4003410-- Nevertheless we consider this a bug.  Please report
--4003410-- it at http://valgrind.org/support/bug_reports.html.
[INFO] Conditions Database: found working metadata provider
	provider = http://belle2db.sdcc.bnl.gov/b2s/rest/
[INFO] Conditions data: configured globaltag is release-09-00-00

**************************************************************
 Geant4 version Name: geant4-11-02-patch-01    (16-February-2024)
                       Copyright : Geant4 Collaboration
                      References : NIM A 506 (2003), 250-303
                                 : IEEE-TNS 53 (2006), 270-278
                                 : NIM A 835 (2016), 186-225
                             WWW : http://geant4.org/
**************************************************************

[INFO] SVD  6-sample DAQ, cluster time algorithm: CoG3, cluster charge algorithm: MaxSample, cluster position algorithm: CoGOnly
[INFO]  with strip charge reconstructed with MaxSample and strip time reconstructed with dontdo
[INFO] SVD  3-sample DAQ, cluster time algorithm: CoG3, cluster charge algorithm: MaxSample, cluster position algorithm: CoGOnly
[INFO]  with strip charge reconstructed with MaxSample and strip time reconstructed with dontdo
[INFO] SVDTimeGrouping : SVDCluster groupId is assigned for 6-sample DAQ mode.
[INFO] SVDTimeGrouping : SVDCluster groupId is not assigned for 3-sample DAQ mode.
[INFO] SVDSpacePointCreator : SVDCluster groupId is used for 6-sample DAQ mode.
[INFO] SVDSpacePointCreator : SVDCluster groupId is not used for 3-sample DAQ mode.
[INFO] Begin of new run.
[WARNING] Could not extrapolate the fit result for pdg 321 to the perigee point. Why, I don't know.  { module: TrackCreator_flipped }
[INFO] Processed:   1 runs,      1/  1500 events.
[WARNING] Could not extrapolate the fit result for pdg 2212 to the perigee point. Why, I don't know.  { module: TrackCreator_flipped }
 ... message repeated 1 times
[WARNING] Could not extrapolate the fit result for pdg 211 to the perigee point. Why, I don't know.  { module: TrackCreator_flipped }
[WARNING] Could not extrapolate the fit result for pdg 2212 to the perigee point. Why, I don't know.  { module: TrackCreator_flipped }
[INFO] Processed:   1 runs,      2/  1500 events.
[INFO] Processed:   1 runs,      3/  1500 events.
[INFO] Processed:   1 runs,      4/  1500 events.
[WARNING] Could not extrapolate the fit result for pdg 2212 to the perigee point. Why, I don't know.  { module: TrackCreator_flipped }
[INFO] Processed:   1 runs,      5/  1500 events.
[INFO] Processed:   1 runs,      6/  1500 events.
[INFO] Processed:   1 runs,      7/  1500 events.
[WARNING] Could not extrapolate the fit result for pdg 2212 to the perigee point. Why, I don't know.  { module: TrackCreator_flipped }
[INFO] Processed:   1 runs,      8/  1500 events.
[INFO] Processed:   1 runs,      9/  1500 events.
[WARNING] Could not extrapolate the fit result for pdg 321 to the perigee point. Why, I don't know.  { module: TrackCreator_flipped }
 ... message repeated 1 times
[WARNING] Could not extrapolate the fit result for pdg 2212 to the perigee point. Why, I don't know.  { module: TrackCreator_flipped }
[INFO] Processed:   1 runs,     10/  1500 events.
[WARNING] Could not extrapolate the fit result for pdg 321 to the perigee point. Why, I don't know.  { module: TrackCreator_flipped }
[WARNING] Could not extrapolate the fit result for pdg 2212 to the perigee point. Why, I don't know.  { module: TrackCreator_flipped }
 ... message repeated 1 times
[WARNING] Inner hits remained after 5 times of removing inner hits!  { module: V0Finder }
[WARNING] Could not extrapolate the fit result for pdg 2212 to the perigee point. Why, I don't know.  { module: TrackCreator_flipped }
 ... message repeated 1 times
[INFO] Processed:   1 runs,     20/  1500 events.
[WARNING] 250 tracks had not enough hits to have at least 5 number of degrees of freedom (NDF). No Track Candidates were created from them so they will not be passed to the track fitter  { module: TrackFinderMCTruthRecoTracks }
[INFO] The MCTrackFinder created a total of 208 track candidates
[INFO] ===KinkFinder summary===========================================================
[INFO] In total 12 kinks saved. Among them
[INFO] track pairs with close endpoints: 1;
[INFO] track pairs with missing layers between their endpoints (Helix extrapolation selection): 2;
[INFO] split track chosen from mother candidates: 2;
[INFO] split track chosen from daughter candidates: 2;
[INFO] split track chosen from tracks not passing mother/daughter preselection 5.
[INFO] ===V0Finder summary=============================================================
[INFO] In total 34 of 123 saved V0s have inner hits.
[INFO] - Inner hits successfully removed in 16 V0s.
[INFO] - The hit removal failed in 18 V0s, instead V0s before removing inner hits saved.
[INFO] ===Error Summary================================================================
[WARNING] Could not extrapolate the fit result for pdg 2212 to the perigee point. Why, I don't know.  { module: TrackCreator_flipped }
    (last message occurred 10 times)
[WARNING] Could not extrapolate the fit result for pdg 321 to the perigee point. Why, I don't know.  { module: TrackCreator_flipped }
    (last message occurred 4 times)
[WARNING] 250 tracks had not enough hits to have at least 5 number of degrees of freedom (NDF). No Track Candidates were created from them so they will not be passed to the track fitter  { module: TrackFinderMCTruthRecoTracks }
[WARNING] Inner hits remained after 5 times of removing inner hits!  { module: V0Finder }
[WARNING] Could not extrapolate the fit result for pdg 211 to the perigee point. Why, I don't know.  { module: TrackCreator_flipped }
[INFO] ================================================================================
[WARNING] in total, 17 warnings occurred during processing
===============================================================================================
Name                                |      Calls | Memory(MB) |    Time(s) |     Time(ms)/Call
===============================================================================================
RootInput                           |         21 |         14 |       2.54 |  120.72 +-  41.44
Gearbox                             |         20 |          0 |       0.00 |    0.08 +-   0.03
Geometry                            |         20 |          0 |       0.00 |    0.06 +-   0.00
SetupGenfitExtrapolation            |         20 |          0 |       0.00 |    0.04 +-   0.00
RegisterEventLevelTrackingInfo      |         20 |          0 |       0.01 |    0.39 +-   1.13
SVDClusterizer                      |         20 |          7 |       5.77 |  288.32 +- 110.08
SVDMissingAPVsClusterCreator        |         20 |          0 |       0.01 |    0.51 +-   0.03
SVDTrackingEventLevelMdstInfoFiller |         20 |          0 |       0.03 |    1.54 +-   0.08
SVDTimeGrouping                     |         20 |         49 |       4.79 |  239.59 +- 514.09
SVDSpacePointCreator                |         20 |          1 |       0.57 |   28.29 +-   4.74
PXDClusterizer                      |         20 |          0 |       1.02 |   51.15 +-   5.73
PXDTrackingEventLevelMdstInfoFiller |         20 |          1 |       0.02 |    0.99 +-   0.10
PXDSpacePointCreator                |         20 |          0 |       0.04 |    1.97 +-   0.24
TFCDC_WireHitPreparer               |         20 |          2 |       2.65 |  132.64 +-  21.08
TFCDC_ClusterPreparer               |         20 |          0 |      19.40 |  969.99 +- 400.55
TFCDC_SegmentFinderFacetAutomaton   |         20 |         53 |     432.14 | 21607.02 +-9648.43
TFCDC_AxialTrackFinderLegendre      |         20 |         23 |     162.38 | 8118.76 +-4999.47
TFCDC_TrackQualityAsserter          |         20 |          0 |       1.36 |   68.05 +-  22.45
TFCDC_StereoHitFinder               |         20 |          6 |      32.80 | 1640.07 +- 777.44
TFCDC_SegmentTrackCombiner          |         20 |          8 |      25.01 | 1250.45 +- 516.77
TFCDC_TrackQualityAsserter          |         20 |          1 |       1.75 |   87.74 +-  22.27
TFCDC_TrackQualityEstimator         |         20 |          0 |       0.33 |   16.59 +-   5.29
TFCDC_TrackExporter                 |         20 |          0 |       1.72 |   86.09 +-  22.92
IPTrackTimeEstimator                |         20 |          1 |       0.04 |    2.14 +-   1.07
CDCHitBasedT0Extraction             |         20 |          6 |       2.31 |  115.61 +- 116.99
CDCTrackingEventLevelMdstInfoFiller |         20 |          0 |       0.06 |    2.91 +-   0.73
CDCToSVDSpacePointCKF_backward      |         20 |         18 |      56.35 | 2817.59 +-2227.10
CDCToSVDSpacePointCKF_forward       |         20 |          0 |       2.68 |  133.84 +- 320.39
SectorMapBootstrap                  |         20 |          0 |       0.00 |    0.07 +-   0.00
SegmentNetworkProducer              |         20 |          2 |       1.86 |   93.22 +-  20.68
TrackFinderVXDCellOMat              |         20 |          1 |       0.95 |   47.46 +-   6.71
AddVXDTrackCandidateSubSets         |         20 |          6 |       0.08 |    4.05 +-   1.43
QualityEstimatorVXD                 |         20 |          0 |       0.06 |    3.18 +-   3.28
BestVXDTrackCandidatesSelector      |         20 |          0 |       0.00 |    0.20 +-   0.02
SPTCvirtualIPRemover                |         20 |          0 |       0.01 |    0.56 +-   0.10
SVDOverlapResolver                  |         20 |          1 |       0.63 |   31.50 +-  16.06
SPTCmomentumSeedRetriever           |         20 |          5 |       7.11 |  355.53 +-  31.26
SPTC2RTConverter                    |         20 |          0 |       0.14 |    7.24 +-   2.79
DAFRecoFitter                       |         20 |          0 |       1.29 |   64.31 +- 162.18
CDCToSVDSeedCKF_backward            |         20 |          0 |       1.87 |   93.32 +- 172.39
DAFRecoFitter                       |         20 |          0 |       1.23 |   61.54 +- 163.26
CDCToSVDSeedCKF_forward             |         20 |          0 |       1.76 |   88.10 +- 175.67
RelatedTracksCombiner               |         20 |          0 |       4.90 |  245.01 +- 203.45
ToCDCCKF                            |         20 |          1 |      56.46 | 2822.76 +-1673.59
CDCCKFTracksCombiner                |         20 |          0 |       1.80 |   89.96 +-  33.65
PruneRecoTracks                     |         20 |          0 |       0.23 |   11.73 +-   1.50
PruneRecoTracks                     |         20 |          0 |       0.01 |    0.41 +-   0.18
DAFRecoFitter                       |         20 |          0 |      45.70 | 2285.07 +-1050.85
ToPXDCKF_backward                   |         20 |          8 |       4.33 |  216.43 +-  54.51
DAFRecoFitter                       |         20 |          0 |       0.28 |   13.84 +-  48.96
ToPXDCKF_forward                    |         20 |          0 |       0.35 |   17.33 +-  47.97
RelatedTracksCombiner               |         20 |          0 |       1.99 |   99.71 +-  55.04
PruneRecoTracks                     |         20 |          0 |       0.13 |    6.70 +-   3.45
PruneRecoTracks                     |         20 |          0 |       0.03 |    1.30 +-   0.61
PruneRecoTracks                     |         20 |          0 |       0.17 |    8.57 +-   3.61
PruneRecoTracks                     |         20 |          0 |       0.01 |    0.34 +-   0.14
SVDEventT0Estimator                 |         20 |          0 |       0.22 |   10.82 +-   3.33
FullGridChi2TrackTimeExtractor      |         20 |          0 |       0.15 |    7.28 +-   1.46
IPTrackTimeEstimator                |         20 |          0 |       0.00 |    0.20 +-   0.06
Combined_DAFRecoFitter              |         20 |          0 |      41.66 | 2082.95 +- 868.30
TrackCreator                        |         20 |          1 |      82.55 | 4127.69 +-1658.65
FlipQuality_1stMVA                  |         20 |          2 |       0.45 |   22.40 +-   5.14
RecoTracksReverter                  |         20 |          0 |       0.60 |   30.09 +-  24.36
Combined_DAFRecoFitter_flipped      |         20 |          2 |      17.25 |  862.27 +- 766.70
IPTrackTimeEstimator                |         20 |          0 |       0.03 |    1.52 +-   1.21
TrackCreator_flipped                |         20 |          1 |      44.77 | 2238.56 +-2013.73
FlipQuality_2ndMVA                  |         20 |          1 |       0.15 |    7.31 +-   3.66
FlippedRecoTracksMerger             |         20 |          0 |       0.24 |   12.23 +-  31.28
V0Finder                            |         20 |        531 |     529.96 | 26497.82 +-32384.79
KinkFinder                          |         20 |         12 |      63.80 | 3190.18 +-3583.02
TrackTimeEstimator                  |         20 |          0 |       0.12 |    6.19 +-   1.79
TrackFinderMCTruthRecoTracks        |         20 |         11 |       6.46 |  323.05 +-  72.32
MCRecoTracksMatcher                 |         20 |         10 |       5.27 |  263.33 +-  61.45
TrackToMCParticleRelator            |         20 |          0 |       0.03 |    1.68 +-   0.31
PruneRecoHits                       |         20 |          2 |      18.69 |  934.63 +- 332.51
Progress                            |         20 |          0 |       0.23 |   11.65 +-   9.83
===============================================================================================
Total                               |         21 |        778 |    1704.63 | 81173.00 +-43613.81
===============================================================================================

==4003410== 
==4003410== Events    : Ir
==4003410== Collected : 44765982024
==4003410== 
==4003410== I   refs:      44,765,982,024
