[INFO] Steering file: v0profile.py
Profiling requested, restarting using callgrind
==58808== Callgrind, a call-graph generating cache profiler
==58808== Copyright (C) 2002-2017, and GNU GPL'd, by Josef Weidendorfer et al.
==58808== Using Valgrind-3.17.0 and LibVEX; rerun with -h for copyright info
==58808== Command: basf2 --profile V0Finder v0profile.py
==58808== 
==58808== For interactive control, run 'callgrind_control -h'.
--58808-- WARNING: unhandled amd64-linux syscall: 334
--58808-- You may be able to write your own handler.
--58808-- Read the file README_MISSING_SYSCALL_OR_IOCTL.
--58808-- Nevertheless we consider this a bug.  Please report
--58808-- it at http://valgrind.org/support/bug_reports.html.
--58808-- WARNING: unhandled amd64-linux syscall: 435
--58808-- You may be able to write your own handler.
--58808-- Read the file README_MISSING_SYSCALL_OR_IOCTL.
--58808-- Nevertheless we consider this a bug.  Please report
--58808-- it at http://valgrind.org/support/bug_reports.html.
--58808-- WARNING: unhandled amd64-linux syscall: 435
--58808-- You may be able to write your own handler.
--58808-- Read the file README_MISSING_SYSCALL_OR_IOCTL.
--58808-- Nevertheless we consider this a bug.  Please report
--58808-- it at http://valgrind.org/support/bug_reports.html.
--58808-- WARNING: unhandled amd64-linux syscall: 435
--58808-- You may be able to write your own handler.
--58808-- Read the file README_MISSING_SYSCALL_OR_IOCTL.
--58808-- Nevertheless we consider this a bug.  Please report
--58808-- it at http://valgrind.org/support/bug_reports.html.
--58808-- WARNING: unhandled amd64-linux syscall: 435
--58808-- You may be able to write your own handler.
--58808-- Read the file README_MISSING_SYSCALL_OR_IOCTL.
--58808-- Nevertheless we consider this a bug.  Please report
--58808-- it at http://valgrind.org/support/bug_reports.html.
--58808-- WARNING: unhandled amd64-linux syscall: 435
--58808-- You may be able to write your own handler.
--58808-- Read the file README_MISSING_SYSCALL_OR_IOCTL.
--58808-- Nevertheless we consider this a bug.  Please report
--58808-- it at http://valgrind.org/support/bug_reports.html.
--58808-- WARNING: unhandled amd64-linux syscall: 435
--58808-- You may be able to write your own handler.
--58808-- Read the file README_MISSING_SYSCALL_OR_IOCTL.
--58808-- Nevertheless we consider this a bug.  Please report
--58808-- it at http://valgrind.org/support/bug_reports.html.
==58808== brk segment overflow in thread #1: can't grow to 0x4851000
==58808== (see section Limitations in user manual)
==58808== NOTE: further instances of this message will not be shown
--58808-- WARNING: unhandled amd64-linux syscall: 435
--58808-- You may be able to write your own handler.
--58808-- Read the file README_MISSING_SYSCALL_OR_IOCTL.
--58808-- Nevertheless we consider this a bug.  Please report
--58808-- it at http://valgrind.org/support/bug_reports.html.
[INFO] Steering file: v0profile.py
--58808-- WARNING: unhandled amd64-linux syscall: 435
--58808-- You may be able to write your own handler.
--58808-- Read the file README_MISSING_SYSCALL_OR_IOCTL.
--58808-- Nevertheless we consider this a bug.  Please report
--58808-- it at http://valgrind.org/support/bug_reports.html.
[INFO] The random number seed is set to "1337"

[1mRooFit v3.60 -- Developed by Wouter Verkerke and David Kirkby[0m 
                Copyright (C) 2000-2013 NIKHEF, University of California & Stanford University
                All rights reserved, please read http://roofit.sourceforge.net/license.txt

[INFO] Starting event processing, random seed is set to '1337'
[INFO] Added file /project/agkuhr/users/pobi/b2/KShortGenSimNoBkg.root
--58808-- WARNING: unhandled amd64-linux syscall: 435
--58808-- You may be able to write your own handler.
--58808-- Read the file README_MISSING_SYSCALL_OR_IOCTL.
--58808-- Nevertheless we consider this a bug.  Please report
--58808-- it at http://valgrind.org/support/bug_reports.html.
[INFO] Conditions Database: found working metadata provider
	provider = http://belle2db.sdcc.bnl.gov/b2s/rest/
[INFO] Conditions data: configured globaltag is release-09-00-00

**************************************************************
 Geant4 version Name: geant4-11-02-patch-01    (16-February-2024)
                       Copyright : Geant4 Collaboration
                      References : NIM A 506 (2003), 250-303
                                 : IEEE-TNS 53 (2006), 270-278
                                 : NIM A 835 (2016), 186-225
                             WWW : http://geant4.org/
**************************************************************

[INFO] SVD  6-sample DAQ, cluster time algorithm: CoG3, cluster charge algorithm: MaxSample, cluster position algorithm: CoGOnly
[INFO]  with strip charge reconstructed with MaxSample and strip time reconstructed with dontdo
[INFO] SVD  3-sample DAQ, cluster time algorithm: CoG3, cluster charge algorithm: MaxSample, cluster position algorithm: CoGOnly
[INFO]  with strip charge reconstructed with MaxSample and strip time reconstructed with dontdo
[INFO] SVDTimeGrouping : SVDCluster groupId is assigned for 6-sample DAQ mode.
[INFO] SVDTimeGrouping : SVDCluster groupId is not assigned for 3-sample DAQ mode.
[INFO] SVDSpacePointCreator : SVDCluster groupId is used for 6-sample DAQ mode.
[INFO] SVDSpacePointCreator : SVDCluster groupId is not used for 3-sample DAQ mode.
[INFO] Begin of new run.
[WARNING] Could not extrapolate the fit result for pdg 321 to the perigee point. Why, I don't know.  { module: TrackCreator_flipped }
[INFO] Processed:   1 runs,      1/  1500 events.
[WARNING] Could not extrapolate the fit result for pdg 2212 to the perigee point. Why, I don't know.  { module: TrackCreator_flipped }
 ... message repeated 1 times
[WARNING] Could not extrapolate the fit result for pdg 211 to the perigee point. Why, I don't know.  { module: TrackCreator_flipped }
[WARNING] Could not extrapolate the fit result for pdg 2212 to the perigee point. Why, I don't know.  { module: TrackCreator_flipped }
[INFO] Processed:   1 runs,      2/  1500 events.
[INFO] Processed:   1 runs,      3/  1500 events.
[INFO] Processed:   1 runs,      4/  1500 events.
[WARNING] Could not extrapolate the fit result for pdg 2212 to the perigee point. Why, I don't know.  { module: TrackCreator_flipped }
[INFO] Processed:   1 runs,      5/  1500 events.
[INFO] Processed:   1 runs,      6/  1500 events.
[INFO] Processed:   1 runs,      7/  1500 events.
[WARNING] Could not extrapolate the fit result for pdg 2212 to the perigee point. Why, I don't know.  { module: TrackCreator_flipped }
[INFO] Processed:   1 runs,      8/  1500 events.
[INFO] Processed:   1 runs,      9/  1500 events.
[WARNING] Could not extrapolate the fit result for pdg 321 to the perigee point. Why, I don't know.  { module: TrackCreator_flipped }
 ... message repeated 1 times
[WARNING] Could not extrapolate the fit result for pdg 2212 to the perigee point. Why, I don't know.  { module: TrackCreator_flipped }
[INFO] Processed:   1 runs,     10/  1500 events.
[WARNING] Could not extrapolate the fit result for pdg 321 to the perigee point. Why, I don't know.  { module: TrackCreator_flipped }
[WARNING] Could not extrapolate the fit result for pdg 2212 to the perigee point. Why, I don't know.  { module: TrackCreator_flipped }
 ... message repeated 3 times
[INFO] Processed:   1 runs,     20/  1500 events.
[WARNING] 250 tracks had not enough hits to have at least 5 number of degrees of freedom (NDF). No Track Candidates were created from them so they will not be passed to the track fitter  { module: TrackFinderMCTruthRecoTracks }
[INFO] The MCTrackFinder created a total of 208 track candidates
[INFO] ===KinkFinder summary===========================================================
[INFO] In total 12 kinks saved. Among them
[INFO] track pairs with close endpoints: 1;
[INFO] track pairs with missing layers between their endpoints (Helix extrapolation selection): 2;
[INFO] split track chosen from mother candidates: 2;
[INFO] split track chosen from daughter candidates: 2;
[INFO] split track chosen from tracks not passing mother/daughter preselection 5.
[INFO] ===V0Finder summary=============================================================
[INFO] In total 27 of 116 saved V0s have inner hits.
[INFO] - Inner hits successfully removed in 18 V0s.
[INFO] - The hit removal failed in 9 V0s, instead V0s before removing inner hits saved.
[INFO] ===Error Summary================================================================
[WARNING] Could not extrapolate the fit result for pdg 2212 to the perigee point. Why, I don't know.  { module: TrackCreator_flipped }
    (last message occurred 10 times)
[WARNING] Could not extrapolate the fit result for pdg 321 to the perigee point. Why, I don't know.  { module: TrackCreator_flipped }
    (last message occurred 4 times)
[WARNING] 250 tracks had not enough hits to have at least 5 number of degrees of freedom (NDF). No Track Candidates were created from them so they will not be passed to the track fitter  { module: TrackFinderMCTruthRecoTracks }
[WARNING] Could not extrapolate the fit result for pdg 211 to the perigee point. Why, I don't know.  { module: TrackCreator_flipped }
[INFO] ================================================================================
[WARNING] in total, 16 warnings occurred during processing
===============================================================================================
Name                                |      Calls | Memory(MB) |    Time(s) |     Time(ms)/Call
===============================================================================================
RootInput                           |         21 |         17 |       2.60 |  123.95 +-  43.55
Gearbox                             |         20 |          0 |       0.00 |    0.08 +-   0.02
Geometry                            |         20 |          0 |       0.00 |    0.06 +-   0.00
SetupGenfitExtrapolation            |         20 |          0 |       0.00 |    0.04 +-   0.00
RegisterEventLevelTrackingInfo      |         20 |          0 |       0.01 |    0.40 +-   1.12
SVDClusterizer                      |         20 |         11 |       5.97 |  298.28 +- 120.30
SVDMissingAPVsClusterCreator        |         20 |          0 |       0.01 |    0.52 +-   0.03
SVDTrackingEventLevelMdstInfoFiller |         20 |          0 |       0.03 |    1.57 +-   0.13
SVDTimeGrouping                     |         20 |         43 |       5.58 |  279.15 +- 668.24
SVDSpacePointCreator                |         20 |          3 |       0.59 |   29.50 +-   5.30
PXDClusterizer                      |         20 |          5 |       1.06 |   52.85 +-   6.81
PXDTrackingEventLevelMdstInfoFiller |         20 |          0 |       0.02 |    0.99 +-   0.09
PXDSpacePointCreator                |         20 |          0 |       0.04 |    1.99 +-   0.27
TFCDC_WireHitPreparer               |         20 |          2 |       2.75 |  137.51 +-  24.99
TFCDC_ClusterPreparer               |         20 |          0 |      20.07 | 1003.26 +- 416.38
TFCDC_SegmentFinderFacetAutomaton   |         20 |         49 |     442.55 | 22127.61 +-9911.41
TFCDC_AxialTrackFinderLegendre      |         20 |         27 |     165.30 | 8265.01 +-5041.83
TFCDC_TrackQualityAsserter          |         20 |          0 |       1.39 |   69.71 +-  22.22
TFCDC_StereoHitFinder               |         20 |          7 |      33.33 | 1666.32 +- 759.91
TFCDC_SegmentTrackCombiner          |         20 |          6 |      25.52 | 1276.16 +- 516.35
TFCDC_TrackQualityAsserter          |         20 |          0 |       1.79 |   89.66 +-  22.46
TFCDC_TrackQualityEstimator         |         20 |          0 |       0.35 |   17.29 +-   5.72
TFCDC_TrackExporter                 |         20 |          3 |       1.78 |   89.12 +-  25.11
IPTrackTimeEstimator                |         20 |          0 |       0.05 |    2.33 +-   1.51
CDCHitBasedT0Extraction             |         20 |          3 |       2.34 |  116.88 +- 112.27
CDCTrackingEventLevelMdstInfoFiller |         20 |          0 |       0.06 |    3.01 +-   0.70
CDCToSVDSpacePointCKF_backward      |         20 |         22 |      57.74 | 2886.82 +-2249.22
CDCToSVDSpacePointCKF_forward       |         20 |          0 |       2.76 |  137.96 +- 324.69
SectorMapBootstrap                  |         20 |          0 |       0.00 |    0.07 +-   0.01
SegmentNetworkProducer              |         20 |          0 |       1.93 |   96.45 +-  19.77
TrackFinderVXDCellOMat              |         20 |          1 |       0.97 |   48.73 +-   6.13
AddVXDTrackCandidateSubSets         |         20 |          8 |       0.08 |    4.09 +-   0.82
QualityEstimatorVXD                 |         20 |          0 |       0.06 |    3.05 +-   2.70
BestVXDTrackCandidatesSelector      |         20 |          0 |       0.00 |    0.20 +-   0.01
SPTCvirtualIPRemover                |         20 |          0 |       0.01 |    0.57 +-   0.05
SVDOverlapResolver                  |         20 |          0 |       0.64 |   32.23 +-  15.68
SPTCmomentumSeedRetriever           |         20 |          4 |       7.29 |  364.51 +-  26.70
SPTC2RTConverter                    |         20 |          0 |       0.15 |    7.48 +-   2.80
DAFRecoFitter                       |         20 |          0 |       1.34 |   67.25 +- 169.18
CDCToSVDSeedCKF_backward            |         20 |          0 |       1.91 |   95.72 +- 176.10
DAFRecoFitter                       |         20 |          0 |       1.25 |   62.38 +- 164.61
CDCToSVDSeedCKF_forward             |         20 |          0 |       1.78 |   89.17 +- 177.92
RelatedTracksCombiner               |         20 |          2 |       5.02 |  250.97 +- 206.73
ToCDCCKF                            |         20 |          1 |      58.26 | 2912.99 +-1742.44
CDCCKFTracksCombiner                |         20 |          0 |       1.87 |   93.34 +-  34.77
PruneRecoTracks                     |         20 |          0 |       0.25 |   12.31 +-   1.49
PruneRecoTracks                     |         20 |          0 |       0.01 |    0.42 +-   0.18
DAFRecoFitter                       |         20 |          0 |      46.79 | 2339.35 +-1070.91
ToPXDCKF_backward                   |         20 |          9 |       4.48 |  223.78 +-  66.04
DAFRecoFitter                       |         20 |          0 |       0.31 |   15.57 +-  56.06
ToPXDCKF_forward                    |         20 |          0 |       0.40 |   19.88 +-  58.55
RelatedTracksCombiner               |         20 |          0 |       2.02 |  100.89 +-  57.01
PruneRecoTracks                     |         20 |          0 |       0.14 |    6.89 +-   3.52
PruneRecoTracks                     |         20 |          0 |       0.03 |    1.31 +-   0.61
PruneRecoTracks                     |         20 |          0 |       0.18 |    8.79 +-   3.59
PruneRecoTracks                     |         20 |          0 |       0.01 |    0.34 +-   0.13
SVDEventT0Estimator                 |         20 |          0 |       0.22 |   11.19 +-   3.41
FullGridChi2TrackTimeExtractor      |         20 |          0 |       0.15 |    7.75 +-   2.12
IPTrackTimeEstimator                |         20 |          0 |       0.00 |    0.21 +-   0.06
Combined_DAFRecoFitter              |         20 |          0 |      42.89 | 2144.63 +- 884.10
TrackCreator                        |         20 |          3 |      85.08 | 4254.13 +-1688.83
FlipQuality_1stMVA                  |         20 |          0 |       0.46 |   22.83 +-   4.97
RecoTracksReverter                  |         20 |          0 |       0.61 |   30.51 +-  24.14
Combined_DAFRecoFitter_flipped      |         20 |          2 |      17.76 |  888.07 +- 781.12
IPTrackTimeEstimator                |         20 |          0 |       0.03 |    1.61 +-   1.30
TrackCreator_flipped                |         20 |          1 |      45.93 | 2296.69 +-2053.30
FlipQuality_2ndMVA                  |         20 |          1 |       0.15 |    7.63 +-   3.76
FlippedRecoTracksMerger             |         20 |          0 |       0.24 |   12.23 +-  31.14
V0Finder                            |         20 |        570 |     792.79 | 39639.49 +-39975.30
KinkFinder                          |         20 |         17 |      65.16 | 3257.78 +-3624.23
TrackTimeEstimator                  |         20 |          0 |       0.13 |    6.59 +-   1.85
TrackFinderMCTruthRecoTracks        |         20 |          4 |       6.53 |  326.65 +-  70.34
MCRecoTracksMatcher                 |         20 |          9 |       5.35 |  267.65 +-  59.10
TrackToMCParticleRelator            |         20 |          0 |       0.03 |    1.72 +-   0.30
PruneRecoHits                       |         20 |          2 |      19.33 |  966.39 +- 330.34
Progress                            |         20 |          0 |       0.24 |   11.78 +-   9.93
===============================================================================================
Total                               |         21 |        822 |    1996.87 | 95089.24 +-51000.67
===============================================================================================

==58808== 
==58808== Events    : Ir
==58808== Collected : 64285464013
==58808== 
==58808== I   refs:      64,285,464,013
