[INFO] Steering file: v0profile.py
Profiling requested, restarting using callgrind
==4176756== Callgrind, a call-graph generating cache profiler
==4176756== Copyright (C) 2002-2017, and GNU GPL'd, by Josef Weidendorfer et al.
==4176756== Using Valgrind-3.17.0 and LibVEX; rerun with -h for copyright info
==4176756== Command: basf2 --profile V0Finder v0profile.py
==4176756== 
==4176756== For interactive control, run 'callgrind_control -h'.
--4176756-- WARNING: unhandled amd64-linux syscall: 334
--4176756-- You may be able to write your own handler.
--4176756-- Read the file README_MISSING_SYSCALL_OR_IOCTL.
--4176756-- Nevertheless we consider this a bug.  Please report
--4176756-- it at http://valgrind.org/support/bug_reports.html.
--4176756-- WARNING: unhandled amd64-linux syscall: 435
--4176756-- You may be able to write your own handler.
--4176756-- Read the file README_MISSING_SYSCALL_OR_IOCTL.
--4176756-- Nevertheless we consider this a bug.  Please report
--4176756-- it at http://valgrind.org/support/bug_reports.html.
--4176756-- WARNING: unhandled amd64-linux syscall: 435
--4176756-- You may be able to write your own handler.
--4176756-- Read the file README_MISSING_SYSCALL_OR_IOCTL.
--4176756-- Nevertheless we consider this a bug.  Please report
--4176756-- it at http://valgrind.org/support/bug_reports.html.
--4176756-- WARNING: unhandled amd64-linux syscall: 435
--4176756-- You may be able to write your own handler.
--4176756-- Read the file README_MISSING_SYSCALL_OR_IOCTL.
--4176756-- Nevertheless we consider this a bug.  Please report
--4176756-- it at http://valgrind.org/support/bug_reports.html.
--4176756-- WARNING: unhandled amd64-linux syscall: 435
--4176756-- You may be able to write your own handler.
--4176756-- Read the file README_MISSING_SYSCALL_OR_IOCTL.
--4176756-- Nevertheless we consider this a bug.  Please report
--4176756-- it at http://valgrind.org/support/bug_reports.html.
--4176756-- WARNING: unhandled amd64-linux syscall: 435
--4176756-- You may be able to write your own handler.
--4176756-- Read the file README_MISSING_SYSCALL_OR_IOCTL.
--4176756-- Nevertheless we consider this a bug.  Please report
--4176756-- it at http://valgrind.org/support/bug_reports.html.
--4176756-- WARNING: unhandled amd64-linux syscall: 435
--4176756-- You may be able to write your own handler.
--4176756-- Read the file README_MISSING_SYSCALL_OR_IOCTL.
--4176756-- Nevertheless we consider this a bug.  Please report
--4176756-- it at http://valgrind.org/support/bug_reports.html.
==4176756== brk segment overflow in thread #1: can't grow to 0x4851000
==4176756== (see section Limitations in user manual)
==4176756== NOTE: further instances of this message will not be shown
--4176756-- WARNING: unhandled amd64-linux syscall: 435
--4176756-- You may be able to write your own handler.
--4176756-- Read the file README_MISSING_SYSCALL_OR_IOCTL.
--4176756-- Nevertheless we consider this a bug.  Please report
--4176756-- it at http://valgrind.org/support/bug_reports.html.
[INFO] Steering file: v0profile.py
--4176756-- WARNING: unhandled amd64-linux syscall: 435
--4176756-- You may be able to write your own handler.
--4176756-- Read the file README_MISSING_SYSCALL_OR_IOCTL.
--4176756-- Nevertheless we consider this a bug.  Please report
--4176756-- it at http://valgrind.org/support/bug_reports.html.
[INFO] The random number seed is set to "1337"

[1mRooFit v3.60 -- Developed by Wouter Verkerke and David Kirkby[0m 
                Copyright (C) 2000-2013 NIKHEF, University of California & Stanford University
                All rights reserved, please read http://roofit.sourceforge.net/license.txt

[INFO] Starting event processing, random seed is set to '1337'
[INFO] Added file /project/agkuhr/users/pobi/b2/KShortGenSimNoBkg.root
--4176756-- WARNING: unhandled amd64-linux syscall: 435
--4176756-- You may be able to write your own handler.
--4176756-- Read the file README_MISSING_SYSCALL_OR_IOCTL.
--4176756-- Nevertheless we consider this a bug.  Please report
--4176756-- it at http://valgrind.org/support/bug_reports.html.
[INFO] Conditions Database: found working metadata provider
	provider = http://belle2db.sdcc.bnl.gov/b2s/rest/
[INFO] Conditions data: configured globaltag is release-09-00-00

**************************************************************
 Geant4 version Name: geant4-11-02-patch-01    (16-February-2024)
                       Copyright : Geant4 Collaboration
                      References : NIM A 506 (2003), 250-303
                                 : IEEE-TNS 53 (2006), 270-278
                                 : NIM A 835 (2016), 186-225
                             WWW : http://geant4.org/
**************************************************************

[INFO] SVD  6-sample DAQ, cluster time algorithm: CoG3, cluster charge algorithm: MaxSample, cluster position algorithm: CoGOnly
[INFO]  with strip charge reconstructed with MaxSample and strip time reconstructed with dontdo
[INFO] SVD  3-sample DAQ, cluster time algorithm: CoG3, cluster charge algorithm: MaxSample, cluster position algorithm: CoGOnly
[INFO]  with strip charge reconstructed with MaxSample and strip time reconstructed with dontdo
[INFO] SVDTimeGrouping : SVDCluster groupId is assigned for 6-sample DAQ mode.
[INFO] SVDTimeGrouping : SVDCluster groupId is not assigned for 3-sample DAQ mode.
[INFO] SVDSpacePointCreator : SVDCluster groupId is used for 6-sample DAQ mode.
[INFO] SVDSpacePointCreator : SVDCluster groupId is not used for 3-sample DAQ mode.
[INFO] Begin of new run.
[WARNING] Could not extrapolate the fit result for pdg 321 to the perigee point. Why, I don't know.  { module: TrackCreator_flipped }
[INFO] Processed:   1 runs,      1/  1500 events.
[WARNING] Could not extrapolate the fit result for pdg 2212 to the perigee point. Why, I don't know.  { module: TrackCreator_flipped }
 ... message repeated 1 times
[WARNING] Could not extrapolate the fit result for pdg 211 to the perigee point. Why, I don't know.  { module: TrackCreator_flipped }
[WARNING] Could not extrapolate the fit result for pdg 2212 to the perigee point. Why, I don't know.  { module: TrackCreator_flipped }
[INFO] Processed:   1 runs,      2/  1500 events.
[INFO] Processed:   1 runs,      3/  1500 events.
[INFO] Processed:   1 runs,      4/  1500 events.
[WARNING] Could not extrapolate the fit result for pdg 2212 to the perigee point. Why, I don't know.  { module: TrackCreator_flipped }
[INFO] Processed:   1 runs,      5/  1500 events.
[INFO] Processed:   1 runs,      6/  1500 events.
[INFO] Processed:   1 runs,      7/  1500 events.
[WARNING] Could not extrapolate the fit result for pdg 2212 to the perigee point. Why, I don't know.  { module: TrackCreator_flipped }
[INFO] Processed:   1 runs,      8/  1500 events.
[INFO] Processed:   1 runs,      9/  1500 events.
[WARNING] Could not extrapolate the fit result for pdg 321 to the perigee point. Why, I don't know.  { module: TrackCreator_flipped }
 ... message repeated 1 times
[WARNING] Could not extrapolate the fit result for pdg 2212 to the perigee point. Why, I don't know.  { module: TrackCreator_flipped }
[INFO] Processed:   1 runs,     10/  1500 events.
[WARNING] Could not extrapolate the fit result for pdg 321 to the perigee point. Why, I don't know.  { module: TrackCreator_flipped }
[WARNING] Could not extrapolate the fit result for pdg 2212 to the perigee point. Why, I don't know.  { module: TrackCreator_flipped }
 ... message repeated 3 times
[INFO] Processed:   1 runs,     20/  1500 events.
[WARNING] 250 tracks had not enough hits to have at least 5 number of degrees of freedom (NDF). No Track Candidates were created from them so they will not be passed to the track fitter  { module: TrackFinderMCTruthRecoTracks }
[INFO] The MCTrackFinder created a total of 208 track candidates
[INFO] ===KinkFinder summary===========================================================
[INFO] In total 12 kinks saved. Among them
[INFO] track pairs with close endpoints: 1;
[INFO] track pairs with missing layers between their endpoints (Helix extrapolation selection): 2;
[INFO] split track chosen from mother candidates: 2;
[INFO] split track chosen from daughter candidates: 2;
[INFO] split track chosen from tracks not passing mother/daughter preselection 5.
[INFO] ===V0Finder summary=============================================================
[INFO] In total 28 of 116 saved V0s have inner hits.
[INFO] - Inner hits successfully removed in 18 V0s.
[INFO] - The hit removal failed in 10 V0s, instead V0s before removing inner hits saved.
[INFO] ===Error Summary================================================================
[WARNING] Could not extrapolate the fit result for pdg 2212 to the perigee point. Why, I don't know.  { module: TrackCreator_flipped }
    (last message occurred 10 times)
[WARNING] Could not extrapolate the fit result for pdg 321 to the perigee point. Why, I don't know.  { module: TrackCreator_flipped }
    (last message occurred 4 times)
[WARNING] 250 tracks had not enough hits to have at least 5 number of degrees of freedom (NDF). No Track Candidates were created from them so they will not be passed to the track fitter  { module: TrackFinderMCTruthRecoTracks }
[WARNING] Could not extrapolate the fit result for pdg 211 to the perigee point. Why, I don't know.  { module: TrackCreator_flipped }
[INFO] ================================================================================
[WARNING] in total, 16 warnings occurred during processing
===============================================================================================
Name                                |      Calls | Memory(MB) |    Time(s) |     Time(ms)/Call
===============================================================================================
RootInput                           |         21 |         14 |       2.61 |  124.39 +-  44.15
Gearbox                             |         20 |          0 |       0.00 |    0.08 +-   0.04
Geometry                            |         20 |          0 |       0.00 |    0.06 +-   0.01
SetupGenfitExtrapolation            |         20 |          0 |       0.00 |    0.04 +-   0.01
RegisterEventLevelTrackingInfo      |         20 |          0 |       0.01 |    0.50 +-   1.55
SVDClusterizer                      |         20 |         11 |       6.36 |  317.76 +- 183.03
SVDMissingAPVsClusterCreator        |         20 |          0 |       0.01 |    0.54 +-   0.09
SVDTrackingEventLevelMdstInfoFiller |         20 |          0 |       0.03 |    1.66 +-   0.31
SVDTimeGrouping                     |         20 |         45 |       5.88 |  294.16 +- 728.74
SVDSpacePointCreator                |         20 |          0 |       0.60 |   30.24 +-   9.80
PXDClusterizer                      |         20 |          3 |       1.09 |   54.39 +-  11.13
PXDTrackingEventLevelMdstInfoFiller |         20 |          0 |       0.02 |    1.05 +-   0.19
PXDSpacePointCreator                |         20 |          0 |       0.04 |    2.09 +-   0.37
TFCDC_WireHitPreparer               |         20 |          0 |       2.82 |  140.83 +-  27.45
TFCDC_ClusterPreparer               |         20 |          0 |      20.52 | 1025.88 +- 426.84
TFCDC_SegmentFinderFacetAutomaton   |         20 |         51 |     443.15 | 22157.31 +-9755.70
TFCDC_AxialTrackFinderLegendre      |         20 |         20 |     165.47 | 8273.66 +-4985.20
TFCDC_TrackQualityAsserter          |         20 |          0 |       1.43 |   71.60 +-  24.80
TFCDC_StereoHitFinder               |         20 |          9 |      34.29 | 1714.26 +- 827.62
TFCDC_SegmentTrackCombiner          |         20 |          7 |      26.01 | 1300.41 +- 542.18
TFCDC_TrackQualityAsserter          |         20 |          0 |       1.83 |   91.50 +-  28.12
TFCDC_TrackQualityEstimator         |         20 |          0 |       0.35 |   17.71 +-   6.69
TFCDC_TrackExporter                 |         20 |          2 |       1.82 |   91.20 +-  35.47
IPTrackTimeEstimator                |         20 |          0 |       0.05 |    2.37 +-   1.83
CDCHitBasedT0Extraction             |         20 |          4 |       2.61 |  130.45 +- 176.59
CDCTrackingEventLevelMdstInfoFiller |         20 |          0 |       0.06 |    3.03 +-   0.99
CDCToSVDSpacePointCKF_backward      |         20 |         21 |      60.43 | 3021.42 +-2593.40
CDCToSVDSpacePointCKF_forward       |         20 |          0 |       3.31 |  165.26 +- 448.41
SectorMapBootstrap                  |         20 |          0 |       0.00 |    0.07 +-   0.02
SegmentNetworkProducer              |         20 |          0 |       1.99 |   99.62 +-  35.96
TrackFinderVXDCellOMat              |         20 |          1 |       1.00 |   50.02 +-  12.93
AddVXDTrackCandidateSubSets         |         20 |          7 |       0.08 |    4.12 +-   1.48
QualityEstimatorVXD                 |         20 |          0 |       0.06 |    3.20 +-   3.38
BestVXDTrackCandidatesSelector      |         20 |          0 |       0.00 |    0.20 +-   0.04
SPTCvirtualIPRemover                |         20 |          0 |       0.01 |    0.58 +-   0.16
SVDOverlapResolver                  |         20 |          0 |       0.67 |   33.75 +-  21.56
SPTCmomentumSeedRetriever           |         20 |          5 |       7.51 |  375.70 +-  78.80
SPTC2RTConverter                    |         20 |          0 |       0.15 |    7.75 +-   3.63
DAFRecoFitter                       |         20 |          0 |       1.64 |   82.24 +- 224.61
CDCToSVDSeedCKF_backward            |         20 |          0 |       2.20 |  110.17 +- 226.18
DAFRecoFitter                       |         20 |          0 |       1.51 |   75.42 +- 211.43
CDCToSVDSeedCKF_forward             |         20 |          0 |       2.04 |  102.06 +- 226.54
RelatedTracksCombiner               |         20 |          0 |       5.50 |  275.10 +- 304.12
ToCDCCKF                            |         20 |          0 |      59.45 | 2972.42 +-1810.16
CDCCKFTracksCombiner                |         20 |          0 |       1.90 |   94.91 +-  44.77
PruneRecoTracks                     |         20 |          0 |       0.25 |   12.47 +-   3.17
PruneRecoTracks                     |         20 |          0 |       0.01 |    0.43 +-   0.22
DAFRecoFitter                       |         20 |          0 |      48.34 | 2416.84 +-1307.17
ToPXDCKF_backward                   |         20 |         10 |       4.56 |  227.77 +-  69.94
DAFRecoFitter                       |         20 |          0 |       0.28 |   14.05 +-  49.05
ToPXDCKF_forward                    |         20 |          0 |       0.36 |   18.20 +-  48.89
RelatedTracksCombiner               |         20 |          0 |       2.11 |  105.39 +-  63.25
PruneRecoTracks                     |         20 |          0 |       0.14 |    6.99 +-   4.00
PruneRecoTracks                     |         20 |          0 |       0.03 |    1.38 +-   0.77
PruneRecoTracks                     |         20 |          0 |       0.18 |    9.10 +-   4.43
PruneRecoTracks                     |         20 |          0 |       0.01 |    0.35 +-   0.16
SVDEventT0Estimator                 |         20 |          0 |       0.23 |   11.58 +-   5.75
FullGridChi2TrackTimeExtractor      |         20 |          1 |       0.15 |    7.75 +-   2.32
IPTrackTimeEstimator                |         20 |          0 |       0.00 |    0.21 +-   0.09
Combined_DAFRecoFitter              |         20 |          0 |      44.79 | 2239.51 +-1236.17
TrackCreator                        |         20 |          0 |      88.54 | 4426.77 +-2384.39
FlipQuality_1stMVA                  |         20 |          0 |       0.47 |   23.45 +-   8.25
RecoTracksReverter                  |         20 |          0 |       0.65 |   32.26 +-  30.35
Combined_DAFRecoFitter_flipped      |         20 |          2 |      18.99 |  949.35 +-1005.86
IPTrackTimeEstimator                |         20 |          0 |       0.04 |    1.76 +-   1.78
TrackCreator_flipped                |         20 |          1 |      49.08 | 2453.87 +-2654.73
FlipQuality_2ndMVA                  |         20 |          0 |       0.16 |    7.77 +-   4.89
FlippedRecoTracksMerger             |         20 |          0 |       0.24 |   12.18 +-  30.89
V0Finder                            |         20 |        553 |     787.62 | 39381.01 +-45997.64
KinkFinder                          |         20 |         18 |      68.59 | 3429.59 +-3950.21
TrackTimeEstimator                  |         20 |          0 |       0.13 |    6.67 +-   2.59
TrackFinderMCTruthRecoTracks        |         20 |          5 |       6.63 |  331.52 +-  75.31
MCRecoTracksMatcher                 |         20 |         12 |       5.55 |  277.62 +-  88.81
TrackToMCParticleRelator            |         20 |          0 |       0.04 |    1.77 +-   0.53
PruneRecoHits                       |         20 |          2 |      21.45 | 1072.42 +- 489.55
Progress                            |         20 |          1 |       0.26 |   12.77 +-  11.53
===============================================================================================
Total                               |         21 |        795 |    2019.44 | 96163.95 +-60424.29
===============================================================================================

==4176756== 
==4176756== Events    : Ir
==4176756== Collected : 62833064684
==4176756== 
==4176756== I   refs:      62,833,064,684
